<?xml version="1.0" encoding="UTF-8"?>
<testng-results total="7" passed="6" failed="1" skipped="0">
  <reporter-output>
  </reporter-output>
  <suite started-at="2018-08-01T00:11:20Z" name="Default suite" finished-at="2018-08-01T00:12:04Z" duration-ms="44258">
    <groups>
    </groups>
    <test started-at="2018-08-01T00:11:20Z" name="Default test" finished-at="2018-08-01T00:12:04Z" duration-ms="44258">
      <class name="com.channelassist.tests.TestNGTests">
        <test-method is-config="true" signature="browserInvoke()[pri:0, instance:com.channelassist.tests.TestNGTests@a3d8174]" started-at="2018-07-31T20:11:20Z" name="browserInvoke" finished-at="2018-07-31T20:11:27Z" duration-ms="7565" status="PASS">
          <reporter-output>
          </reporter-output>
        </test-method> <!-- browserInvoke -->
        <test-method signature="selectandVerifyProductPage()[pri:0, instance:com.channelassist.tests.TestNGTests@a3d8174]" started-at="2018-07-31T20:11:27Z" name="selectandVerifyProductPage" finished-at="2018-07-31T20:11:30Z" duration-ms="2708" status="FAIL">
          <exception class="java.lang.AssertionError">
            <message>
              <![CDATA[expected [Product Category] but found [Product ategory]]]>
            </message>
            <full-stacktrace>
              <![CDATA[java.lang.AssertionError: expected [Product Category] but found [Product ategory]
	at org.testng.Assert.fail(Assert.java:94)
	at org.testng.Assert.failNotEquals(Assert.java:494)
	at org.testng.Assert.assertEquals(Assert.java:123)
	at org.testng.Assert.assertEquals(Assert.java:176)
	at org.testng.Assert.assertEquals(Assert.java:186)
	at com.channelassist.tests.TestNGTests.selectandVerifyProductPage(TestNGTests.java:56)
	at java.base/jdk.internal.reflect.NativeMethodAccessorImpl.invoke0(Native Method)
	at java.base/jdk.internal.reflect.NativeMethodAccessorImpl.invoke(NativeMethodAccessorImpl.java:62)
	at java.base/jdk.internal.reflect.DelegatingMethodAccessorImpl.invoke(DelegatingMethodAccessorImpl.java:43)
	at java.base/java.lang.reflect.Method.invoke(Method.java:564)
	at org.testng.internal.MethodInvocationHelper.invokeMethod(MethodInvocationHelper.java:80)
	at org.testng.internal.Invoker.invokeMethod(Invoker.java:714)
	at org.testng.internal.Invoker.invokeTestMethod(Invoker.java:901)
	at org.testng.internal.Invoker.invokeTestMethods(Invoker.java:1231)
	at org.testng.internal.TestMethodWorker.invokeTestMethods(TestMethodWorker.java:127)
	at org.testng.internal.TestMethodWorker.run(TestMethodWorker.java:111)
	at org.testng.TestRunner.privateRun(TestRunner.java:767)
	at org.testng.TestRunner.run(TestRunner.java:617)
	at org.testng.SuiteRunner.runTest(SuiteRunner.java:334)
	at org.testng.SuiteRunner.runSequentially(SuiteRunner.java:329)
	at org.testng.SuiteRunner.privateRun(SuiteRunner.java:291)
	at org.testng.SuiteRunner.run(SuiteRunner.java:240)
	at org.testng.SuiteRunnerWorker.runSuite(SuiteRunnerWorker.java:52)
	at org.testng.SuiteRunnerWorker.run(SuiteRunnerWorker.java:86)
	at org.testng.TestNG.runSuitesSequentially(TestNG.java:1198)
	at org.testng.TestNG.runSuitesLocally(TestNG.java:1123)
	at org.testng.TestNG.run(TestNG.java:1031)
	at org.testng.remote.AbstractRemoteTestNG.run(AbstractRemoteTestNG.java:114)
	at org.testng.remote.RemoteTestNG.initAndRun(RemoteTestNG.java:251)
	at org.testng.remote.RemoteTestNG.main(RemoteTestNG.java:77)
]]>
            </full-stacktrace>
          </exception> <!-- java.lang.AssertionError -->
          <reporter-output>
          </reporter-output>
        </test-method> <!-- selectandVerifyProductPage -->
        <test-method signature="selectandVerifyAccessoriesPage()[pri:0, instance:com.channelassist.tests.TestNGTests@a3d8174]" started-at="2018-07-31T20:11:30Z" name="selectandVerifyAccessoriesPage" finished-at="2018-07-31T20:11:33Z" duration-ms="3489" status="PASS">
          <reporter-output>
          </reporter-output>
        </test-method> <!-- selectandVerifyAccessoriesPage -->
        <test-method signature="selectMagicMouse()[pri:0, instance:com.channelassist.tests.TestNGTests@a3d8174]" started-at="2018-07-31T20:11:33Z" name="selectMagicMouse" finished-at="2018-07-31T20:11:40Z" duration-ms="6394" status="PASS">
          <reporter-output>
          </reporter-output>
        </test-method> <!-- selectMagicMouse -->
        <test-method signature="addtocart()[pri:0, instance:com.channelassist.tests.TestNGTests@a3d8174]" started-at="2018-07-31T20:11:40Z" name="addtocart" finished-at="2018-07-31T20:11:40Z" duration-ms="113" status="PASS">
          <reporter-output>
          </reporter-output>
        </test-method> <!-- addtocart -->
        <test-method signature="verifyQuantityandCheckout()[pri:0, instance:com.channelassist.tests.TestNGTests@a3d8174]" started-at="2018-07-31T20:11:40Z" name="verifyQuantityandCheckout" finished-at="2018-07-31T20:11:47Z" duration-ms="6510" status="PASS">
          <reporter-output>
          </reporter-output>
        </test-method> <!-- verifyQuantityandCheckout -->
        <test-method signature="billingDetailsDataDriven()[pri:0, instance:com.channelassist.tests.TestNGTests@a3d8174]" started-at="2018-07-31T20:11:47Z" name="billingDetailsDataDriven" finished-at="2018-07-31T20:11:49Z" duration-ms="2322" status="PASS">
          <reporter-output>
          </reporter-output>
        </test-method> <!-- billingDetailsDataDriven -->
        <test-method signature="purchaseandValidate()[pri:0, instance:com.channelassist.tests.TestNGTests@a3d8174]" started-at="2018-07-31T20:11:49Z" name="purchaseandValidate" finished-at="2018-07-31T20:12:04Z" duration-ms="14950" status="PASS">
          <reporter-output>
          </reporter-output>
        </test-method> <!-- purchaseandValidate -->
        <test-method is-config="true" signature="browserClose()[pri:0, instance:com.channelassist.tests.TestNGTests@a3d8174]" started-at="2018-07-31T20:12:04Z" name="browserClose" finished-at="2018-07-31T20:12:04Z" duration-ms="169" status="PASS">
          <reporter-output>
          </reporter-output>
        </test-method> <!-- browserClose -->
      </class> <!-- com.channelassist.tests.TestNGTests -->
    </test> <!-- Default test -->
  </suite> <!-- Default suite -->
</testng-results>
